Traceback (most recent call last):
  File "/Users/bogdanrassovskiy/SBCS3/sbcs3/bots/Chicken/Chicken.py", line 572, in start_second
    img_have = cursor.fetchall()[0][0]
IndexError: list index out of range

During handling of the above exception, another exception occurred:

Traceback (most recent call last):
  File "/Users/bogdanrassovskiy/SBCS3/sbcs3/bots/Chicken/Chicken.py", line 575, in start_second
    img_have = cursor.fetchall()[0][0]
IndexError: list index out of range
